<?xml version="1.0" encoding="UTF-8"?>
<testsuite name="com.bridgelabz.HotelTest" tests="1" skipped="0" failures="0" errors="0" timestamp="2022-12-12T04:01:33" hostname="DESKTOP-6PP3VIO" time="0.063">
  <properties/>
  <testcase name="shouldAnswerWithTrue()" classname="com.bridgelabz.HotelTest" time="0.063"/>
  <system-out><![CDATA[]]></system-out>
  <system-err><![CDATA[]]></system-err>
</testsuite>
